        -:    0:Source:dominion.c
        -:    0:Graph:dominion.gcno
        -:    0:Data:dominion.gcda
        -:    0:Runs:1
        -:    0:Programs:1
        -:    1:#include "dominion.h"
        -:    2:#include "dominion_helpers.h"
        -:    3:#include "rngs.h"
        -:    4:#include <stdio.h>
        -:    5:#include <math.h>
        -:    6:#include <stdlib.h>
        -:    7:
      672:    8:int compare(const void* a, const void* b) {
      672:    9:  if (*(int*)a > *(int*)b)
    #####:   10:    return 1;
      672:   11:  if (*(int*)a < *(int*)b)
      240:   12:    return -1;
      432:   13:  return 0;
        -:   14:}
        -:   15:
    #####:   16:struct gameState* newGame() {
    #####:   17:  struct gameState* g = malloc(sizeof(struct gameState));
    #####:   18:  return g;
        -:   19:}
        -:   20:
    #####:   21:int* kingdomCards(int k1, int k2, int k3, int k4, int k5, int k6, int k7,
        -:   22:		  int k8, int k9, int k10) {
    #####:   23:  int* k = malloc(10 * sizeof(int));
    #####:   24:  k[0] = k1;
    #####:   25:  k[1] = k2;
    #####:   26:  k[2] = k3;
    #####:   27:  k[3] = k4;
    #####:   28:  k[4] = k5;
    #####:   29:  k[5] = k6;
    #####:   30:  k[6] = k7;
    #####:   31:  k[7] = k8;
    #####:   32:  k[8] = k9;
    #####:   33:  k[9] = k10;
    #####:   34:  return k;
        -:   35:}
        -:   36:
       13:   37:int initializeGame(int numPlayers, int kingdomCards[10], int randomSeed,
        -:   38:		   struct gameState *state) {
        -:   39:
        -:   40:  int i;
        -:   41:  int j;
        -:   42:  int it;			
        -:   43:  //set up random number generator
       13:   44:  SelectStream(1);
       13:   45:  PutSeed((long)randomSeed);
        -:   46:  
        -:   47:  //check number of players
       13:   48:  if (numPlayers > MAX_PLAYERS || numPlayers < 2)
        -:   49:    {
    #####:   50:      return -1;
        -:   51:    }
        -:   52:
        -:   53:  //set number of players
       13:   54:  state->numPlayers = numPlayers;
        -:   55:
        -:   56:  //check selected kingdom cards are different
      143:   57:  for (i = 0; i < 10; i++)
        -:   58:    {
     1430:   59:      for (j = 0; j < 10; j++)
        -:   60:        {
     1300:   61:	  if (j != i && kingdomCards[j] == kingdomCards[i])
        -:   62:	    {
    #####:   63:	      return -1;
        -:   64:	    }
        -:   65:        }
        -:   66:    }
        -:   67:
        -:   68:
        -:   69:  //initialize supply
        -:   70:  ///////////////////////////////
        -:   71:
        -:   72:  //set number of Curse cards
       13:   73:  if (numPlayers == 2)
        -:   74:    {
        2:   75:      state->supplyCount[curse] = 10;
        -:   76:    }
       11:   77:  else if (numPlayers == 3)
        -:   78:    {
    #####:   79:      state->supplyCount[curse] = 20;
        -:   80:    }
        -:   81:  else
        -:   82:    {
       11:   83:      state->supplyCount[curse] = 30;
        -:   84:    }
        -:   85:
        -:   86:  //set number of Victory cards
       13:   87:  if (numPlayers == 2)
        -:   88:    {
        2:   89:      state->supplyCount[estate] = 8;
        2:   90:      state->supplyCount[duchy] = 8;
        2:   91:      state->supplyCount[province] = 8;
        -:   92:    }
        -:   93:  else
        -:   94:    {
       11:   95:      state->supplyCount[estate] = 12;
       11:   96:      state->supplyCount[duchy] = 12;
       11:   97:      state->supplyCount[province] = 12;
        -:   98:    }
        -:   99:
        -:  100:  //set number of Treasure cards
       13:  101:  state->supplyCount[copper] = 60 - (7 * numPlayers);
       13:  102:  state->supplyCount[silver] = 40;
       13:  103:  state->supplyCount[gold] = 30;
        -:  104:
        -:  105:  //set number of Kingdom cards
      273:  106:  for (i = adventurer; i <= treasure_map; i++)       	//loop all cards
        -:  107:    {
     2145:  108:      for (j = 0; j < 10; j++)           		//loop chosen cards
        -:  109:	{
     2015:  110:	  if (kingdomCards[j] == i)
        -:  111:	    {
        -:  112:	      //check if card is a 'Victory' Kingdom card
      130:  113:	      if (kingdomCards[j] == great_hall || kingdomCards[j] == gardens)
        -:  114:		{
       52:  115:		  if (numPlayers == 2){ 
        4:  116:		    state->supplyCount[i] = 8; 
        -:  117:		  }
       22:  118:		  else{ state->supplyCount[i] = 12; }
        -:  119:		}
        -:  120:	      else
        -:  121:		{
      104:  122:		  state->supplyCount[i] = 10;
        -:  123:		}
      130:  124:	      break;
        -:  125:	    }
        -:  126:	  else    //card is not in the set choosen for the game
        -:  127:	    {
     1885:  128:	      state->supplyCount[i] = -1;
        -:  129:	    }
        -:  130:	}
        -:  131:
        -:  132:    }
        -:  133:
        -:  134:  ////////////////////////
        -:  135:  //supply intilization complete
        -:  136:
        -:  137:  //set player decks
       61:  138:  for (i = 0; i < numPlayers; i++)
        -:  139:    {
       48:  140:      state->deckCount[i] = 0;
      192:  141:      for (j = 0; j < 3; j++)
        -:  142:	{
      144:  143:	  state->deck[i][j] = estate;
      144:  144:	  state->deckCount[i]++;
        -:  145:	}
      384:  146:      for (j = 3; j < 10; j++)
        -:  147:	{
      336:  148:	  state->deck[i][j] = copper;
      336:  149:	  state->deckCount[i]++;		
        -:  150:	}
        -:  151:    }
        -:  152:
        -:  153:  //shuffle player decks
       61:  154:  for (i = 0; i < numPlayers; i++)
        -:  155:    {
       48:  156:      if ( shuffle(i, state) < 0 )
        -:  157:	{
    #####:  158:	  return -1;
        -:  159:	}
        -:  160:    }
        -:  161:
        -:  162:  //draw player hands
       61:  163:  for (i = 0; i < numPlayers; i++)
        -:  164:    {  
        -:  165:      //initialize hand size to zero
       48:  166:      state->handCount[i] = 0;
       48:  167:      state->discardCount[i] = 0;
        -:  168:      //draw 5 cards
        -:  169:      // for (j = 0; j < 5; j++)
        -:  170:      //	{
        -:  171:      //	  drawCard(i, state);
        -:  172:      //	}
        -:  173:    }
        -:  174:  
        -:  175:  //set embargo tokens to 0 for all supply piles
      364:  176:  for (i = 0; i <= treasure_map; i++)
        -:  177:    {
      351:  178:      state->embargoTokens[i] = 0;
        -:  179:    }
        -:  180:
        -:  181:  //initialize first player's turn
       13:  182:  state->outpostPlayed = 0;
       13:  183:  state->phase = 0;
       13:  184:  state->numActions = 1;
       13:  185:  state->numBuys = 1;
       13:  186:  state->playedCardCount = 0;
       13:  187:  state->whoseTurn = 0;
       13:  188:  state->handCount[state->whoseTurn] = 0;
        -:  189:  //int it; move to top
        -:  190:
        -:  191:  //Moved draw cards to here, only drawing at the start of a turn
       78:  192:  for (it = 0; it < 5; it++){
       65:  193:    drawCard(state->whoseTurn, state);
        -:  194:  }
        -:  195:
       13:  196:  updateCoins(state->whoseTurn, state, 0);
        -:  197:
       13:  198:  return 0;
        -:  199:}
        -:  200:
     2013:  201:int shuffle(int player, struct gameState *state) {
        -:  202: 
        -:  203:
        -:  204:  int newDeck[MAX_DECK];
     2013:  205:  int newDeckPos = 0;
        -:  206:  int card;
        -:  207:  int i;
        -:  208:
     2013:  209:  if (state->deckCount[player] < 1)
     1965:  210:    return -1;
       48:  211:  qsort ((void*)(state->deck[player]), state->deckCount[player], sizeof(int), compare); 
        -:  212:  /* SORT CARDS IN DECK TO ENSURE DETERMINISM! */
        -:  213:
      576:  214:  while (state->deckCount[player] > 0) {
      480:  215:    card = floor(Random() * state->deckCount[player]);
      480:  216:    newDeck[newDeckPos] = state->deck[player][card];
      480:  217:    newDeckPos++;
     1445:  218:    for (i = card; i < state->deckCount[player]-1; i++) {
      965:  219:      state->deck[player][i] = state->deck[player][i+1];
        -:  220:    }
      480:  221:    state->deckCount[player]--;
        -:  222:  }
      528:  223:  for (i = 0; i < newDeckPos; i++) {
      480:  224:    state->deck[player][i] = newDeck[i];
      480:  225:    state->deckCount[player]++;
        -:  226:  }
        -:  227:
       48:  228:  return 0;
        -:  229:}
        -:  230:
        4:  231:int playCard(int handPos, int choice1, int choice2, int choice3, struct gameState *state) 
        -:  232:{	
        -:  233:  int card;
        4:  234:  int coin_bonus = 0; 		//tracks coins gain from actions
        -:  235:
        -:  236:  //check if it is the right phase
        4:  237:  if (state->phase != 0)
        -:  238:    {
    #####:  239:      return -1;
        -:  240:    }
        -:  241:	
        -:  242:  //check if player has enough actions
        4:  243:  if ( state->numActions < 1 )
        -:  244:    {
    #####:  245:      return -1;
        -:  246:    }
        -:  247:	
        -:  248:  //get card played
        4:  249:  card = handCard(handPos, state);
        -:  250:	
        -:  251:  //check if selected card is an action
        4:  252:  if ( card < adventurer || card > treasure_map )
        -:  253:    {
    #####:  254:      return -1;
        -:  255:    }
        -:  256:	
        -:  257:  //play card
        4:  258:  if ( cardEffect(card, choice1, choice2, choice3, state, handPos, &coin_bonus) < 0 )
        -:  259:    {
    #####:  260:      return -1;
        -:  261:    }
        -:  262:	
        -:  263:  //reduce number of actions
        4:  264:  state->numActions--;
        -:  265:
        -:  266:  //update coins (Treasure cards may be added with card draws)
        4:  267:  updateCoins(state->whoseTurn, state, coin_bonus);
        -:  268:	
        4:  269:  return 0;
        -:  270:}
        -:  271:
    #####:  272:int buyCard(int supplyPos, struct gameState *state) {
        -:  273:  int who;
        -:  274:  if (DEBUG){
        -:  275:    printf("Entering buyCard...\n");
        -:  276:  }
        -:  277:
        -:  278:  // I don't know what to do about the phase thing.
        -:  279:
    #####:  280:  who = state->whoseTurn;
        -:  281:
    #####:  282:  if (state->numBuys < 1){
        -:  283:    if (DEBUG)
        -:  284:      printf("You do not have any buys left\n");
    #####:  285:    return -1;
    #####:  286:  } else if (supplyCount(supplyPos, state) <1){
        -:  287:    if (DEBUG)
        -:  288:      printf("There are not any of that type of card left\n");
    #####:  289:    return -1;
    #####:  290:  } else if (state->coins < getCost(supplyPos)){
        -:  291:    if (DEBUG) 
        -:  292:      printf("You do not have enough money to buy that. You have %d coins.\n", state->coins);
    #####:  293:    return -1;
        -:  294:  } else {
    #####:  295:    state->phase=1;
        -:  296:    //state->supplyCount[supplyPos]--;
    #####:  297:    gainCard(supplyPos, state, 0, who); //card goes in discard, this might be wrong.. (2 means goes into hand, 0 goes into discard)
        -:  298:  
    #####:  299:    state->coins = (state->coins) - (getCost(supplyPos));
    #####:  300:    state->numBuys--;
        -:  301:    if (DEBUG)
        -:  302:      printf("You bought card number %d for %d coins. You now have %d buys and %d coins.\n", supplyPos, getCost(supplyPos), state->numBuys, state->coins);
        -:  303:  }
        -:  304:
        -:  305:  //state->discard[who][state->discardCount[who]] = supplyPos;
        -:  306:  //state->discardCount[who]++;
        -:  307:    
    #####:  308:  return 0;
        -:  309:}
        -:  310:
    #####:  311:int numHandCards(struct gameState *state) {
    #####:  312:  return state->handCount[ whoseTurn(state) ];
        -:  313:}
        -:  314:
     2059:  315:int handCard(int handPos, struct gameState *state) {
     2059:  316:  int currentPlayer = whoseTurn(state);
     2059:  317:  return state->hand[currentPlayer][handPos];
        -:  318:}
        -:  319:
    #####:  320:int supplyCount(int card, struct gameState *state) {
    #####:  321:  return state->supplyCount[card];
        -:  322:}
        -:  323:
       70:  324:int fullDeckCount(int player, int card, struct gameState *state) {
        -:  325:  int i;
       70:  326:  int count = 0;
        -:  327:
     6678:  328:  for (i = 0; i < state->deckCount[player]; i++)
        -:  329:    {
     6608:  330:      if (state->deck[player][i] == card) count++;
        -:  331:    }
        -:  332:
     6705:  333:  for (i = 0; i < state->handCount[player]; i++)
        -:  334:    {
     6635:  335:      if (state->hand[player][i] == card) count++;
        -:  336:    }
        -:  337:
     6591:  338:  for (i = 0; i < state->discardCount[player]; i++)
        -:  339:    {
     6521:  340:      if (state->discard[player][i] == card) count++;
        -:  341:    }
        -:  342:
       70:  343:  return count;
        -:  344:}
        -:  345:
     2063:  346:int whoseTurn(struct gameState *state) {
     2063:  347:  return state->whoseTurn;
        -:  348:}
        -:  349:
    #####:  350:int endTurn(struct gameState *state) {
        -:  351:  int k;
        -:  352:  int i;
    #####:  353:  int currentPlayer = whoseTurn(state);
        -:  354:  
        -:  355:  //Discard hand
    #####:  356:  for (i = 0; i < state->handCount[currentPlayer]; i++){
    #####:  357:    state->discard[currentPlayer][state->discardCount[currentPlayer]++] = state->hand[currentPlayer][i];//Discard
    #####:  358:    state->hand[currentPlayer][i] = -1;//Set card to -1
        -:  359:  }
    #####:  360:  state->handCount[currentPlayer] = 0;//Reset hand count
        -:  361:    
        -:  362:  //Code for determining the player
    #####:  363:  if (currentPlayer < (state->numPlayers - 1)){ 
    #####:  364:    state->whoseTurn = currentPlayer + 1;//Still safe to increment
        -:  365:  }
        -:  366:  else{
    #####:  367:    state->whoseTurn = 0;//Max player has been reached, loop back around to player 1
        -:  368:  }
        -:  369:
    #####:  370:  state->outpostPlayed = 0;
    #####:  371:  state->phase = 0;
    #####:  372:  state->numActions = 1;
    #####:  373:  state->coins = 0;
    #####:  374:  state->numBuys = 1;
    #####:  375:  state->playedCardCount = 0;
    #####:  376:  state->handCount[state->whoseTurn] = 0;
        -:  377:
        -:  378:  //int k; move to top
        -:  379:  //Next player draws hand
    #####:  380:  for (k = 0; k < 5; k++){
    #####:  381:    drawCard(state->whoseTurn, state);//Draw a card
        -:  382:  }
        -:  383:
        -:  384:  //Update money
    #####:  385:  updateCoins(state->whoseTurn, state , 0);
        -:  386:
    #####:  387:  return 0;
        -:  388:}
        -:  389:
        8:  390:int isGameOver(struct gameState *state) {
        -:  391:  int i;
        -:  392:  int j;
        -:  393:	
        -:  394:  //if stack of Province cards is empty, the game ends
        8:  395:  if (state->supplyCount[province] == 0)
        -:  396:    {
        1:  397:      return 1;
        -:  398:    }
        -:  399:
        -:  400:  //if three supply pile are at 0, the game ends
        7:  401:  j = 0;
      182:  402:  for (i = 0; i < 25; i++)
        -:  403:    {
      175:  404:      if (state->supplyCount[i] == 0)
        -:  405:	{
       34:  406:	  j++;
        -:  407:	}
        -:  408:    }
        7:  409:  if ( j >= 3)
        -:  410:    {
        3:  411:      return 1;
        -:  412:    }
        -:  413:
        4:  414:  return 0;
        -:  415:}
        -:  416:
    #####:  417:int scoreFor (int player, struct gameState *state) {
        -:  418:
        -:  419:  int i;
    #####:  420:  int score = 0;
        -:  421:  //score from hand
    #####:  422:  for (i = 0; i < state->handCount[player]; i++)
        -:  423:    {
    #####:  424:      if (state->hand[player][i] == curse) { score = score - 1; };
    #####:  425:      if (state->hand[player][i] == estate) { score = score + 1; };
    #####:  426:      if (state->hand[player][i] == duchy) { score = score + 3; };
    #####:  427:      if (state->hand[player][i] == province) { score = score + 6; };
    #####:  428:      if (state->hand[player][i] == great_hall) { score = score + 1; };
    #####:  429:      if (state->hand[player][i] == gardens) { score = score + ( fullDeckCount(player, 0, state) / 10 ); };
        -:  430:    }
        -:  431:
        -:  432:  //score from discard
    #####:  433:  for (i = 0; i < state->discardCount[player]; i++)
        -:  434:    {
    #####:  435:      if (state->discard[player][i] == curse) { score = score - 1; };
    #####:  436:      if (state->discard[player][i] == estate) { score = score + 1; };
    #####:  437:      if (state->discard[player][i] == duchy) { score = score + 3; };
    #####:  438:      if (state->discard[player][i] == province) { score = score + 6; };
    #####:  439:      if (state->discard[player][i] == great_hall) { score = score + 1; };
    #####:  440:      if (state->discard[player][i] == gardens) { score = score + ( fullDeckCount(player, 0, state) / 10 ); };
        -:  441:    }
        -:  442:
        -:  443:  //score from deck
    #####:  444:  for (i = 0; i < state->discardCount[player]; i++)
        -:  445:    {
    #####:  446:      if (state->deck[player][i] == curse) { score = score - 1; };
    #####:  447:      if (state->deck[player][i] == estate) { score = score + 1; };
    #####:  448:      if (state->deck[player][i] == duchy) { score = score + 3; };
    #####:  449:      if (state->deck[player][i] == province) { score = score + 6; };
    #####:  450:      if (state->deck[player][i] == great_hall) { score = score + 1; };
    #####:  451:      if (state->deck[player][i] == gardens) { score = score + ( fullDeckCount(player, 0, state) / 10 ); };
        -:  452:    }
        -:  453:
    #####:  454:  return score;
        -:  455:}
        -:  456:
    #####:  457:int getWinners(int players[MAX_PLAYERS], struct gameState *state) {
        -:  458:  int i;	
        -:  459:  int j;
        -:  460:  int highScore;
        -:  461:  int currentPlayer;
        -:  462:
        -:  463:  //get score for each player
    #####:  464:  for (i = 0; i < MAX_PLAYERS; i++)
        -:  465:    {
        -:  466:      //set unused player scores to -9999
    #####:  467:      if (i >= state->numPlayers)
        -:  468:	{
    #####:  469:	  players[i] = -9999;
        -:  470:	}
        -:  471:      else
        -:  472:	{
    #####:  473:	  players[i] = scoreFor (i, state);
        -:  474:	}
        -:  475:    }
        -:  476:
        -:  477:  //find highest score
    #####:  478:  j = 0;
    #####:  479:  for (i = 0; i < MAX_PLAYERS; i++)
        -:  480:    {
    #####:  481:      if (players[i] > players[j])
        -:  482:	{
    #####:  483:	  j = i;
        -:  484:	}
        -:  485:    }
    #####:  486:  highScore = players[j];
        -:  487:
        -:  488:  //add 1 to players who had less turns
    #####:  489:  currentPlayer = whoseTurn(state);
    #####:  490:  for (i = 0; i < MAX_PLAYERS; i++)
        -:  491:    {
    #####:  492:      if ( players[i] == highScore && i > currentPlayer )
        -:  493:	{
    #####:  494:	  players[i]++;
        -:  495:	}
        -:  496:    }
        -:  497:
        -:  498:  //find new highest score
    #####:  499:  j = 0;
    #####:  500:  for (i = 0; i < MAX_PLAYERS; i++)
        -:  501:    {
    #####:  502:      if ( players[i] > players[j] )
        -:  503:	{
    #####:  504:	  j = i;
        -:  505:	}
        -:  506:    }
    #####:  507:  highScore = players[j];
        -:  508:
        -:  509:  //set winners in array to 1 and rest to 0
    #####:  510:  for (i = 0; i < MAX_PLAYERS; i++)
        -:  511:    {
    #####:  512:      if ( players[i] == highScore )
        -:  513:	{
    #####:  514:	  players[i] = 1;
        -:  515:	}
        -:  516:      else
        -:  517:	{
    #####:  518:	  players[i] = 0;
        -:  519:	}
        -:  520:    }
        -:  521:
    #####:  522:  return 0;
        -:  523:}
        -:  524:
     2083:  525:int drawCard(int player, struct gameState *state)
        -:  526:{	int count;
        -:  527:  int deckCounter;
     2083:  528:  if (state->deckCount[player] <= 0){//Deck is empty
        -:  529:    
        -:  530:    //Step 1 Shuffle the discard pile back into a deck
        -:  531:    int i;
        -:  532:    //Move discard to deck
     1965:  533:    for (i = 0; i < state->discardCount[player];i++){
    #####:  534:      state->deck[player][i] = state->discard[player][i];
    #####:  535:      state->discard[player][i] = -1;
        -:  536:    }
        -:  537:
     1965:  538:    state->deckCount[player] = state->discardCount[player];
     1965:  539:    state->discardCount[player] = 0;//Reset discard
        -:  540:
        -:  541:    //Shufffle the deck
     1965:  542:    shuffle(player, state);//Shuffle the deck up and make it so that we can draw
        -:  543:   
        -:  544:    if (DEBUG){//Debug statements
        -:  545:      printf("Deck count now: %d\n", state->deckCount[player]);
        -:  546:    }
        -:  547:    
     1965:  548:    state->discardCount[player] = 0;
        -:  549:
        -:  550:    //Step 2 Draw Card
     1965:  551:    count = state->handCount[player];//Get current player's hand count
        -:  552:    
        -:  553:    if (DEBUG){//Debug statements
        -:  554:      printf("Current hand count: %d\n", count);
        -:  555:    }
        -:  556:    
     1965:  557:    deckCounter = state->deckCount[player];//Create a holder for the deck count
        -:  558:
     1965:  559:    if (deckCounter == 0)
     1965:  560:      return -1;
        -:  561:
    #####:  562:    state->hand[player][count] = state->deck[player][deckCounter - 1];//Add card to hand
    #####:  563:    state->deckCount[player]--;
    #####:  564:    state->handCount[player]++;//Increment hand count
        -:  565:  }
        -:  566:
        -:  567:  else{
      118:  568:    int count = state->handCount[player];//Get current hand count for player
        -:  569:    int deckCounter;
        -:  570:    if (DEBUG){//Debug statements
        -:  571:      printf("Current hand count: %d\n", count);
        -:  572:    }
        -:  573:
      118:  574:    deckCounter = state->deckCount[player];//Create holder for the deck count
      118:  575:    state->hand[player][count] = state->deck[player][deckCounter - 1];//Add card to the hand
      118:  576:    state->deckCount[player]--;
      118:  577:    state->handCount[player]++;//Increment hand count
        -:  578:  }
        -:  579:
      118:  580:  return 0;
        -:  581:}
        -:  582:
       28:  583:int getCost(int cardNumber)
        -:  584:{
       28:  585:  switch( cardNumber ) 
        -:  586:    {
        -:  587:    case curse:
        1:  588:      return 0;
        -:  589:    case estate:
        1:  590:      return 2;
        -:  591:    case duchy:
        1:  592:      return 5;
        -:  593:    case province:
        1:  594:      return 8;
        -:  595:    case copper:
        1:  596:      return 0;
        -:  597:    case silver:
        1:  598:      return 3;
        -:  599:    case gold:
        1:  600:      return 6;
        -:  601:    case adventurer:
        1:  602:      return 6;
        -:  603:    case council_room:
        1:  604:      return 5;
        -:  605:    case feast:
        1:  606:      return 4;
        -:  607:    case gardens:
        1:  608:      return 4;
        -:  609:    case mine:
        1:  610:      return 5;
        -:  611:    case remodel:
        1:  612:      return 4;
        -:  613:    case smithy:
        1:  614:      return 4;
        -:  615:    case village:
        1:  616:      return 3;
        -:  617:    case baron:
        1:  618:      return 4;
        -:  619:    case great_hall:
        1:  620:      return 3;
        -:  621:    case minion:
        1:  622:      return 5;
        -:  623:    case steward:
        1:  624:      return 3;
        -:  625:    case tribute:
        1:  626:      return 5;
        -:  627:    case ambassador:
        1:  628:      return 3;
        -:  629:    case cutpurse:
        1:  630:      return 4;
        -:  631:    case embargo: 
        1:  632:      return 2;
        -:  633:    case outpost:
        1:  634:      return 5;
        -:  635:    case salvager:
        1:  636:      return 4;
        -:  637:    case sea_hag:
        1:  638:      return 4;
        -:  639:    case treasure_map:
        1:  640:      return 4;
        -:  641:    }
        -:  642:	
        1:  643:  return -1;
        -:  644:}
        -:  645:
        -:  646:// note that handPos and currentPlayer do not have to be passed by reference
        1:  647:int smithyEffect(int currentPlayer, struct gameState *state, int handPos) {
        -:  648:      //+3 Cards
        1:  649:	  int i=0;
        -:  650:	  // bug: this should be i<3, not i<=3
        5:  651:	for (i = 0; i <= 3; i++) {
        4:  652:		drawCard(currentPlayer, state);
        -:  653:	}
        -:  654:			
        -:  655:      //discard card from hand
        1:  656:      discardCard(handPos, currentPlayer, state, 0);
        1:  657:      return 0;
        -:  658:}
        -:  659:
        1:  660:int adventurerEffect(int currentPlayer, struct gameState *state, int drawntreasure, int cardDrawn, int *temphand) {
        1:  661:	int z=0;
        -:  662:	int temphand1[MAX_HAND];// moved above the if statement
        4:  663:while(drawntreasure<2){
        -:  664:
        2:  665:	if (state->deckCount[currentPlayer] <1){//if the deck is empty we need to shuffle discard and add to deck
    #####:  666:		shuffle(currentPlayer, state);
        -:  667:	}
        2:  668:	drawCard(currentPlayer, state);
        2:  669:	cardDrawn = state->hand[currentPlayer][state->handCount[currentPlayer]-1];//top card of hand is most recently drawn card.
        2:  670:	if (cardDrawn == copper || cardDrawn == silver || cardDrawn == gold)
        2:  671:	  drawntreasure++;
        -:  672:	else{
    #####:  673:	  temphand1[z]=cardDrawn;
    #####:  674:	  state->handCount[currentPlayer]--; //this should just remove the top card (the most recently drawn one).
    #####:  675:	  z=z+1;
        -:  676:	  //*z++; // bug
        -:  677:	}
        -:  678:}
        -:  679:// bug: this should be *z-1>=0
        2:  680:while(z-1>0){
    #####:  681:	state->discard[currentPlayer][state->discardCount[currentPlayer]++]=temphand1[z-1]; // discard all cards in play that have been drawn
    #####:  682:	z=z-1;
        -:  683:}
        1:  684:return 0;
        -:  685:}
        -:  686:
        1:  687:int villageEffect(int currentPlayer, struct gameState *state, int handPos) {
        -:  688:	//+1 Card
        1:  689:	drawCard(currentPlayer, state);
        -:  690:		
        -:  691:	//+2 Actions
        -:  692:	// bug, should be 2 actions, not 3
        1:  693:	state->numActions = state->numActions + 3;
        -:  694:		
        -:  695:	//discard played card from hand
        1:  696:	discardCard(handPos, currentPlayer, state, 0);	
        -:  697:	
        1:  698:	return 0;
        -:  699:}
        -:  700:
    #####:  701:int seaHagEffect(int currentPlayer, struct gameState *state) {
    #####:  702:	int i=0;
        -:  703:	// bug this should be i < state->numPlayers, not <=
    #####:  704:for (i = 0; i <= state->numPlayers; i++){
    #####:  705:	if (i != currentPlayer){
    #####:  706:	  state->discard[i][state->discardCount[i]] = state->deck[i][state->deckCount[i]--];
    #####:  707:	  state->deckCount[i]--;
    #####:  708:	  state->discardCount[i]++;
    #####:  709:	  state->deck[i][state->deckCount[i]--] = curse;//Top card now a curse
        -:  710:	}
        -:  711:}
    #####:  712:	return 0;
        -:  713:}
        -:  714:
    #####:  715:int gardensEffect() {
    #####:  716:	return -1;
        -:  717:}
        -:  718:
        4:  719:int cardEffect(int card, int choice1, int choice2, int choice3, struct gameState *state, int handPos, int *bonus)
        -:  720:{
        -:  721:  int i;
        -:  722:  int j;
        -:  723:  int k;
        -:  724:  int x;
        -:  725:  int index;
        4:  726:  int currentPlayer = whoseTurn(state);
        4:  727:  int nextPlayer = currentPlayer + 1;
        -:  728:
        4:  729:  int tributeRevealedCards[2] = {-1, -1};
        -:  730:  int temphand[MAX_HAND];// moved above the if statement
        4:  731:  int drawntreasure=0;
        4:  732:  int cardDrawn=0;
        -:  733:  //int z = 0;// this is the counter for the temp hand
        4:  734:  if (nextPlayer > (state->numPlayers - 1)){
    #####:  735:    nextPlayer = 0;
        -:  736:  }
        -:  737:  
        -:  738:	
        -:  739:  //uses switch to select card and perform actions
        4:  740:  switch( card ) 
        -:  741:    {
        -:  742:    case adventurer:
        -:  743:	/*
        -:  744:      while(drawntreasure<2){
        -:  745:	if (state->deckCount[currentPlayer] <1){//if the deck is empty we need to shuffle discard and add to deck
        -:  746:	  shuffle(currentPlayer, state);
        -:  747:	}
        -:  748:	drawCard(currentPlayer, state);
        -:  749:	cardDrawn = state->hand[currentPlayer][state->handCount[currentPlayer]-1];//top card of hand is most recently drawn card.
        -:  750:	if (cardDrawn == copper || cardDrawn == silver || cardDrawn == gold)
        -:  751:	  drawntreasure++;
        -:  752:	else{
        -:  753:	  temphand[z]=cardDrawn;
        -:  754:	  state->handCount[currentPlayer]--; //this should just remove the top card (the most recently drawn one).
        -:  755:	  z++;
        -:  756:	}
        -:  757:      }
        -:  758:      while(z-1>=0){
        -:  759:	state->discard[currentPlayer][state->discardCount[currentPlayer]++]=temphand[z-1]; // discard all cards in play that have been drawn
        -:  760:	z=z-1;
        -:  761:      }
        -:  762:	  */
        1:  763:      return adventurerEffect(currentPlayer, state, drawntreasure, cardDrawn, temphand);
        -:  764:			
        -:  765:    case council_room:
        -:  766:      //+4 Cards
    #####:  767:      for (i = 0; i < 4; i++)
        -:  768:	{
    #####:  769:	  drawCard(currentPlayer, state);
        -:  770:	}
        -:  771:			
        -:  772:      //+1 Buy
    #####:  773:      state->numBuys++;
        -:  774:			
        -:  775:      //Each other player draws a card
    #####:  776:      for (i = 0; i < state->numPlayers; i++)
        -:  777:	{
    #####:  778:	  if ( i != currentPlayer )
        -:  779:	    {
    #####:  780:	      drawCard(i, state);
        -:  781:	    }
        -:  782:	}
        -:  783:			
        -:  784:      //put played card in played card pile
    #####:  785:      discardCard(handPos, currentPlayer, state, 0);
        -:  786:			
    #####:  787:      return 0;
        -:  788:			
        -:  789:    case feast:
        -:  790:      //gain card with cost up to 5
        -:  791:      //Backup hand
    #####:  792:      for (i = 0; i <= state->handCount[currentPlayer]; i++){
    #####:  793:	temphand[i] = state->hand[currentPlayer][i];//Backup card
    #####:  794:	state->hand[currentPlayer][i] = -1;//Set to nothing
        -:  795:      }
        -:  796:      //Backup hand
        -:  797:
        -:  798:      //Update Coins for Buy
    #####:  799:      updateCoins(currentPlayer, state, 5);
    #####:  800:      x = 1;//Condition to loop on
    #####:  801:      while( x == 1) {//Buy one card
    #####:  802:	if (supplyCount(choice1, state) <= 0){
        -:  803:	  if (DEBUG)
        -:  804:	    printf("None of that card left, sorry!\n");
        -:  805:
        -:  806:	  if (DEBUG){
        -:  807:	    printf("Cards Left: %d\n", supplyCount(choice1, state));
        -:  808:	  }
        -:  809:	}
    #####:  810:	else if (state->coins < getCost(choice1)){
    #####:  811:	  printf("That card is too expensive!\n");
        -:  812:
        -:  813:	  if (DEBUG){
        -:  814:	    printf("Coins: %d < %d\n", state->coins, getCost(choice1));
        -:  815:	  }
        -:  816:	}
        -:  817:	else{
        -:  818:
        -:  819:	  if (DEBUG){
        -:  820:	    printf("Deck Count: %d\n", state->handCount[currentPlayer] + state->deckCount[currentPlayer] + state->discardCount[currentPlayer]);
        -:  821:	  }
        -:  822:
    #####:  823:	  gainCard(choice1, state, 0, currentPlayer);//Gain the card
    #####:  824:	  x = 0;//No more buying cards
        -:  825:
        -:  826:	  if (DEBUG){
        -:  827:	    printf("Deck Count: %d\n", state->handCount[currentPlayer] + state->deckCount[currentPlayer] + state->discardCount[currentPlayer]);
        -:  828:	  }
        -:  829:
        -:  830:	}
        -:  831:      }     
        -:  832:
        -:  833:      //Reset Hand
    #####:  834:      for (i = 0; i <= state->handCount[currentPlayer]; i++){
    #####:  835:	state->hand[currentPlayer][i] = temphand[i];
    #####:  836:	temphand[i] = -1;
        -:  837:      }
        -:  838:      //Reset Hand
        -:  839:      			
    #####:  840:      return 0;
        -:  841:			
        -:  842:    case gardens:
    #####:  843:      return gardensEffect();
        -:  844:			
        -:  845:    case mine:
    #####:  846:      j = state->hand[currentPlayer][choice1];  //store card we will trash
        -:  847:
    #####:  848:      if (state->hand[currentPlayer][choice1] < copper || state->hand[currentPlayer][choice1] > gold)
        -:  849:	{
    #####:  850:	  return -1;
        -:  851:	}
        -:  852:		
    #####:  853:      if (choice2 > treasure_map || choice2 < curse)
        -:  854:	{
    #####:  855:	  return -1;
        -:  856:	}
        -:  857:
    #####:  858:      if ( (getCost(state->hand[currentPlayer][choice1]) + 3) > getCost(choice2) )
        -:  859:	{
    #####:  860:	  return -1;
        -:  861:	}
        -:  862:
    #####:  863:      gainCard(choice2, state, 2, currentPlayer);
        -:  864:
        -:  865:      //discard card from hand
    #####:  866:      discardCard(handPos, currentPlayer, state, 0);
        -:  867:
        -:  868:      //discard trashed card
    #####:  869:      for (i = 0; i < state->handCount[currentPlayer]; i++)
        -:  870:	{
    #####:  871:	  if (state->hand[currentPlayer][i] == j)
        -:  872:	    {
    #####:  873:	      discardCard(i, currentPlayer, state, 0);			
    #####:  874:	      break;
        -:  875:	    }
        -:  876:	}
        -:  877:			
    #####:  878:      return 0;
        -:  879:			
        -:  880:    case remodel:
    #####:  881:      j = state->hand[currentPlayer][choice1];  //store card we will trash
        -:  882:
    #####:  883:      if ( (getCost(state->hand[currentPlayer][choice1]) + 2) > getCost(choice2) )
        -:  884:	{
    #####:  885:	  return -1;
        -:  886:	}
        -:  887:
    #####:  888:      gainCard(choice2, state, 0, currentPlayer);
        -:  889:
        -:  890:      //discard card from hand
    #####:  891:      discardCard(handPos, currentPlayer, state, 0);
        -:  892:
        -:  893:      //discard trashed card
    #####:  894:      for (i = 0; i < state->handCount[currentPlayer]; i++)
        -:  895:	{
    #####:  896:	  if (state->hand[currentPlayer][i] == j)
        -:  897:	    {
    #####:  898:	      discardCard(i, currentPlayer, state, 0);			
    #####:  899:	      break;
        -:  900:	    }
        -:  901:	}
        -:  902:
        -:  903:
    #####:  904:      return 0;
        -:  905:		
        -:  906:    case smithy:
        -:  907:      //+3 Cards
        -:  908:	/*
        -:  909:      for (i = 0; i < 3; i++)
        -:  910:	{
        -:  911:	  drawCard(currentPlayer, state);
        -:  912:	}
        -:  913:			
        -:  914:      //discard card from hand
        -:  915:      discardCard(handPos, currentPlayer, state, 0);
        -:  916:      return 0;
        -:  917:	*/
        -:  918:	// do you want to have smithEffect return void instead and let the switch return 0?
        1:  919:	return smithyEffect(currentPlayer, state, handPos);
        -:  920:		
        -:  921:    case village:
        -:  922:	/*
        -:  923:      //+1 Card
        -:  924:      drawCard(currentPlayer, state);
        -:  925:			
        -:  926:      //+2 Actions
        -:  927:      state->numActions = state->numActions + 2;
        -:  928:			
        -:  929:      //discard played card from hand
        -:  930:      discardCard(handPos, currentPlayer, state, 0);
        -:  931:	 */
        1:  932:      return villageEffect(currentPlayer, state, handPos);
        -:  933:		
        -:  934:    case baron:
    #####:  935:      state->numBuys++;//Increase buys by 1!
    #####:  936:      if (choice1 > 0){//Boolean true or going to discard an estate
    #####:  937:	int p = 0;//Iterator for hand!
    #####:  938:	int card_not_discarded = 1;//Flag for discard set!
    #####:  939:	while(card_not_discarded){
    #####:  940:	  if (state->hand[currentPlayer][p] == estate){//Found an estate card!
    #####:  941:	    state->coins += 4;//Add 4 coins to the amount of coins
    #####:  942:	    state->discard[currentPlayer][state->discardCount[currentPlayer]] = state->hand[currentPlayer][p];
    #####:  943:	    state->discardCount[currentPlayer]++;
    #####:  944:	    for (;p < state->handCount[currentPlayer]; p++){
    #####:  945:	      state->hand[currentPlayer][p] = state->hand[currentPlayer][p+1];
        -:  946:	    }
    #####:  947:	    state->hand[currentPlayer][state->handCount[currentPlayer]] = -1;
    #####:  948:	    state->handCount[currentPlayer]--;
    #####:  949:	    card_not_discarded = 0;//Exit the loop
        -:  950:	  }
    #####:  951:	  else if (p > state->handCount[currentPlayer]){
        -:  952:	    if(DEBUG) {
        -:  953:	      printf("No estate cards in your hand, invalid choice\n");
        -:  954:	      printf("Must gain an estate if there are any\n");
        -:  955:	    }
    #####:  956:	    if (supplyCount(estate, state) > 0){
    #####:  957:	      gainCard(estate, state, 0, currentPlayer);
    #####:  958:	      state->supplyCount[estate]--;//Decrement estates
    #####:  959:	      if (supplyCount(estate, state) == 0){
    #####:  960:		isGameOver(state);
        -:  961:	      }
        -:  962:	    }
    #####:  963:	    card_not_discarded = 0;//Exit the loop
        -:  964:	  }
        -:  965:			    
        -:  966:	  else{
    #####:  967:	    p++;//Next card
        -:  968:	  }
        -:  969:	}
        -:  970:      }
        -:  971:			    
        -:  972:      else{
    #####:  973:	if (supplyCount(estate, state) > 0){
    #####:  974:	  gainCard(estate, state, 0, currentPlayer);//Gain an estate
    #####:  975:	  state->supplyCount[estate]--;//Decrement Estates
    #####:  976:	  if (supplyCount(estate, state) == 0){
    #####:  977:	    isGameOver(state);
        -:  978:	  }
        -:  979:	}
        -:  980:      }
        -:  981:	    
        -:  982:      
    #####:  983:      return 0;
        -:  984:		
        -:  985:    case great_hall:
        -:  986:      //+1 Card
        1:  987:      drawCard(currentPlayer, state);
        -:  988:			
        -:  989:      //+1 Actions
        1:  990:      state->numActions++;
        -:  991:			
        -:  992:      //discard card from hand
        1:  993:      discardCard(handPos, currentPlayer, state, 0);
        1:  994:      return 0;
        -:  995:		
        -:  996:    case minion:
        -:  997:      //+1 action
    #####:  998:      state->numActions++;
        -:  999:			
        -: 1000:      //discard card from hand
    #####: 1001:      discardCard(handPos, currentPlayer, state, 0);
        -: 1002:			
    #####: 1003:      if (choice1)		//+2 coins
        -: 1004:	{
    #####: 1005:	  state->coins = state->coins + 2;
        -: 1006:	}
        -: 1007:			
    #####: 1008:      else if (choice2)		//discard hand, redraw 4, other players with 5+ cards discard hand and draw 4
        -: 1009:	{
        -: 1010:	  //discard hand
    #####: 1011:	  while(numHandCards(state) > 0)
        -: 1012:	    {
    #####: 1013:	      discardCard(handPos, currentPlayer, state, 0);
        -: 1014:	    }
        -: 1015:				
        -: 1016:	  //draw 4
    #####: 1017:	  for (i = 0; i < 4; i++)
        -: 1018:	    {
    #####: 1019:	      drawCard(currentPlayer, state);
        -: 1020:	    }
        -: 1021:				
        -: 1022:	  //other players discard hand and redraw if hand size > 4
    #####: 1023:	  for (i = 0; i < state->numPlayers; i++)
        -: 1024:	    {
    #####: 1025:	      if (i != currentPlayer)
        -: 1026:		{
    #####: 1027:		  if ( state->handCount[i] > 4 )
        -: 1028:		    {
        -: 1029:		      //discard hand
    #####: 1030:		      while( state->handCount[i] > 0 )
        -: 1031:			{
    #####: 1032:			  discardCard(handPos, i, state, 0);
        -: 1033:			}
        -: 1034:							
        -: 1035:		      //draw 4
    #####: 1036:		      for (j = 0; j < 4; j++)
        -: 1037:			{
    #####: 1038:			  drawCard(i, state);
        -: 1039:			}
        -: 1040:		    }
        -: 1041:		}
        -: 1042:	    }
        -: 1043:				
        -: 1044:	}
    #####: 1045:      return 0;
        -: 1046:		
        -: 1047:    case steward:
    #####: 1048:      if (choice1 == 1)
        -: 1049:	{
        -: 1050:	  //+2 cards
    #####: 1051:	  drawCard(currentPlayer, state);
    #####: 1052:	  drawCard(currentPlayer, state);
        -: 1053:	}
    #####: 1054:      else if (choice1 == 2)
        -: 1055:	{
        -: 1056:	  //+2 coins
    #####: 1057:	  state->coins = state->coins + 2;
        -: 1058:	}
        -: 1059:      else
        -: 1060:	{
        -: 1061:	  //trash 2 cards in hand
    #####: 1062:	  discardCard(choice2, currentPlayer, state, 1);
    #####: 1063:	  discardCard(choice3, currentPlayer, state, 1);
        -: 1064:	}
        -: 1065:			
        -: 1066:      //discard card from hand
    #####: 1067:      discardCard(handPos, currentPlayer, state, 0);
    #####: 1068:      return 0;
        -: 1069:		
        -: 1070:    case tribute:
    #####: 1071:      if ((state->discardCount[nextPlayer] + state->deckCount[nextPlayer]) <= 1){
    #####: 1072:	if (state->deckCount[nextPlayer] > 0){
    #####: 1073:	  tributeRevealedCards[0] = state->deck[nextPlayer][state->deckCount[nextPlayer]-1];
    #####: 1074:	  state->deckCount[nextPlayer]--;
        -: 1075:	}
    #####: 1076:	else if (state->discardCount[nextPlayer] > 0){
    #####: 1077:	  tributeRevealedCards[0] = state->discard[nextPlayer][state->discardCount[nextPlayer]-1];
    #####: 1078:	  state->discardCount[nextPlayer]--;
        -: 1079:	}
        -: 1080:	else{
        -: 1081:	  //No Card to Reveal
        -: 1082:	  if (DEBUG){
        -: 1083:	    printf("No cards to reveal\n");
        -: 1084:	  }
        -: 1085:	}
        -: 1086:      }
        -: 1087:	    
        -: 1088:      else{
    #####: 1089:	if (state->deckCount[nextPlayer] == 0){
    #####: 1090:	  for (i = 0; i < state->discardCount[nextPlayer]; i++){
    #####: 1091:	    state->deck[nextPlayer][i] = state->discard[nextPlayer][i];//Move to deck
    #####: 1092:	    state->deckCount[nextPlayer]++;
    #####: 1093:	    state->discard[nextPlayer][i] = -1;
    #####: 1094:	    state->discardCount[nextPlayer]--;
        -: 1095:	  }
        -: 1096:			    
    #####: 1097:	  shuffle(nextPlayer,state);//Shuffle the deck
        -: 1098:	} 
    #####: 1099:	tributeRevealedCards[0] = state->deck[nextPlayer][state->deckCount[nextPlayer]-1];
    #####: 1100:	state->deck[nextPlayer][state->deckCount[nextPlayer]--] = -1;
    #####: 1101:	state->deckCount[nextPlayer]--;
    #####: 1102:	tributeRevealedCards[1] = state->deck[nextPlayer][state->deckCount[nextPlayer]-1];
    #####: 1103:	state->deck[nextPlayer][state->deckCount[nextPlayer]--] = -1;
    #####: 1104:	state->deckCount[nextPlayer]--;
        -: 1105:      }    
        -: 1106:		       
    #####: 1107:      if (tributeRevealedCards[0] == tributeRevealedCards[1]){//If we have a duplicate card, just drop one 
    #####: 1108:	state->playedCards[state->playedCardCount] = tributeRevealedCards[1];
    #####: 1109:	state->playedCardCount++;
    #####: 1110:	tributeRevealedCards[1] = -1;
        -: 1111:      }
        -: 1112:
    #####: 1113:      for (i = 0; i <= 2; i ++){
    #####: 1114:	if (tributeRevealedCards[i] == copper || tributeRevealedCards[i] == silver || tributeRevealedCards[i] == gold){//Treasure cards
    #####: 1115:	  state->coins += 2;
        -: 1116:	}
        -: 1117:		    
    #####: 1118:	else if (tributeRevealedCards[i] == estate || tributeRevealedCards[i] == duchy || tributeRevealedCards[i] == province || tributeRevealedCards[i] == gardens || tributeRevealedCards[i] == great_hall){//Victory Card Found
    #####: 1119:	  drawCard(currentPlayer, state);
    #####: 1120:	  drawCard(currentPlayer, state);
        -: 1121:	}
        -: 1122:	else{//Action Card
    #####: 1123:	  state->numActions = state->numActions + 2;
        -: 1124:	}
        -: 1125:      }
        -: 1126:	    
    #####: 1127:      return 0;
        -: 1128:		
        -: 1129:    case ambassador:
    #####: 1130:      j = 0;		//used to check if player has enough cards to discard
        -: 1131:
    #####: 1132:      if (choice2 > 2 || choice2 < 0)
        -: 1133:	{
    #####: 1134:	  return -1;				
        -: 1135:	}
        -: 1136:
    #####: 1137:      if (choice1 == handPos)
        -: 1138:	{
    #####: 1139:	  return -1;
        -: 1140:	}
        -: 1141:
    #####: 1142:      for (i = 0; i < state->handCount[currentPlayer]; i++)
        -: 1143:	{
    #####: 1144:	  if (i != handPos && i == state->hand[currentPlayer][choice1] && i != choice1)
        -: 1145:	    {
    #####: 1146:	      j++;
        -: 1147:	    }
        -: 1148:	}
    #####: 1149:      if (j < choice2)
        -: 1150:	{
    #####: 1151:	  return -1;				
        -: 1152:	}
        -: 1153:
        -: 1154:      if (DEBUG) 
        -: 1155:	printf("Player %d reveals card number: %d\n", currentPlayer, state->hand[currentPlayer][choice1]);
        -: 1156:
        -: 1157:      //increase supply count for choosen card by amount being discarded
    #####: 1158:      state->supplyCount[state->hand[currentPlayer][choice1]] += choice2;
        -: 1159:			
        -: 1160:      //each other player gains a copy of revealed card
    #####: 1161:      for (i = 0; i < state->numPlayers; i++)
        -: 1162:	{
    #####: 1163:	  if (i != currentPlayer)
        -: 1164:	    {
    #####: 1165:	      gainCard(state->hand[currentPlayer][choice1], state, 0, i);
        -: 1166:	    }
        -: 1167:	}
        -: 1168:
        -: 1169:      //discard played card from hand
    #####: 1170:      discardCard(handPos, currentPlayer, state, 0);			
        -: 1171:
        -: 1172:      //trash copies of cards returned to supply
    #####: 1173:      for (j = 0; j < choice2; j++)
        -: 1174:	{
    #####: 1175:	  for (i = 0; i < state->handCount[currentPlayer]; i++)
        -: 1176:	    {
    #####: 1177:	      if (state->hand[currentPlayer][i] == state->hand[currentPlayer][choice1])
        -: 1178:		{
    #####: 1179:		  discardCard(i, currentPlayer, state, 1);
    #####: 1180:		  break;
        -: 1181:		}
        -: 1182:	    }
        -: 1183:	}			
        -: 1184:
    #####: 1185:      return 0;
        -: 1186:		
        -: 1187:    case cutpurse:
        -: 1188:
    #####: 1189:      updateCoins(currentPlayer, state, 2);
    #####: 1190:      for (i = 0; i < state->numPlayers; i++)
        -: 1191:	{
    #####: 1192:	  if (i != currentPlayer)
        -: 1193:	    {
    #####: 1194:	      for (j = 0; j < state->handCount[i]; j++)
        -: 1195:		{
    #####: 1196:		  if (state->hand[i][j] == copper)
        -: 1197:		    {
    #####: 1198:		      discardCard(j, i, state, 0);
    #####: 1199:		      break;
        -: 1200:		    }
    #####: 1201:		  if (j == state->handCount[i])
        -: 1202:		    {
    #####: 1203:		      for (k = 0; k < state->handCount[i]; k++)
        -: 1204:			{
        -: 1205:			  if (DEBUG)
        -: 1206:			    printf("Player %d reveals card number %d\n", i, state->hand[i][k]);
        -: 1207:			}	
    #####: 1208:		      break;
        -: 1209:		    }		
        -: 1210:		}
        -: 1211:					
        -: 1212:	    }
        -: 1213:				
        -: 1214:	}				
        -: 1215:
        -: 1216:      //discard played card from hand
    #####: 1217:      discardCard(handPos, currentPlayer, state, 0);			
        -: 1218:
    #####: 1219:      return 0;
        -: 1220:
        -: 1221:		
        -: 1222:    case embargo: 
        -: 1223:      //+2 Coins
    #####: 1224:      state->coins = state->coins + 2;
        -: 1225:			
        -: 1226:      //see if selected pile is in play
    #####: 1227:      if ( state->supplyCount[choice1] == -1 )
        -: 1228:	{
    #####: 1229:	  return -1;
        -: 1230:	}
        -: 1231:			
        -: 1232:      //add embargo token to selected supply pile
    #####: 1233:      state->embargoTokens[choice1]++;
        -: 1234:			
        -: 1235:      //trash card
    #####: 1236:      discardCard(handPos, currentPlayer, state, 1);		
    #####: 1237:      return 0;
        -: 1238:		
        -: 1239:    case outpost:
        -: 1240:      //set outpost flag
    #####: 1241:      state->outpostPlayed++;
        -: 1242:			
        -: 1243:      //discard card
    #####: 1244:      discardCard(handPos, currentPlayer, state, 0);
    #####: 1245:      return 0;
        -: 1246:		
        -: 1247:    case salvager:
        -: 1248:      //+1 buy
    #####: 1249:      state->numBuys++;
        -: 1250:			
    #####: 1251:      if (choice1)
        -: 1252:	{
        -: 1253:	  //gain coins equal to trashed card
    #####: 1254:	  state->coins = state->coins + getCost( handCard(choice1, state) );
        -: 1255:	  //trash card
    #####: 1256:	  discardCard(choice1, currentPlayer, state, 1);	
        -: 1257:	}
        -: 1258:			
        -: 1259:      //discard card
    #####: 1260:      discardCard(handPos, currentPlayer, state, 0);
    #####: 1261:      return 0;
        -: 1262:		
        -: 1263:    case sea_hag:
        -: 1264:	/*
        -: 1265:      for (i = 0; i < state->numPlayers; i++){
        -: 1266:	if (i != currentPlayer){
        -: 1267:	  state->discard[i][state->discardCount[i]] = state->deck[i][state->deckCount[i]--];			    state->deckCount[i]--;
        -: 1268:	  state->discardCount[i]++;
        -: 1269:	  state->deck[i][state->deckCount[i]--] = curse;//Top card now a curse
        -: 1270:	}
        -: 1271:      }
        -: 1272:	  */
    #####: 1273:      return seaHagEffect(currentPlayer, state);
        -: 1274:		
        -: 1275:    case treasure_map:
        -: 1276:      //search hand for another treasure_map
    #####: 1277:      index = -1;
    #####: 1278:      for (i = 0; i < state->handCount[currentPlayer]; i++)
        -: 1279:	{
    #####: 1280:	  if (state->hand[currentPlayer][i] == treasure_map && i != handPos)
        -: 1281:	    {
    #####: 1282:	      index = i;
    #####: 1283:	      break;
        -: 1284:	    }
        -: 1285:	}
    #####: 1286:      if (index > -1)
        -: 1287:	{
        -: 1288:	  //trash both treasure cards
    #####: 1289:	  discardCard(handPos, currentPlayer, state, 1);
    #####: 1290:	  discardCard(index, currentPlayer, state, 1);
        -: 1291:
        -: 1292:	  //gain 4 Gold cards
    #####: 1293:	  for (i = 0; i < 4; i++)
        -: 1294:	    {
    #####: 1295:	      gainCard(gold, state, 1, currentPlayer);
        -: 1296:	    }
        -: 1297:				
        -: 1298:	  //return success
    #####: 1299:	  return 1;
        -: 1300:	}
        -: 1301:			
        -: 1302:      //no second treasure_map found in hand
    #####: 1303:      return -1;
        -: 1304:    }
        -: 1305:	
    #####: 1306:  return -1;
        -: 1307:}
        -: 1308:
        3: 1309:int discardCard(int handPos, int currentPlayer, struct gameState *state, int trashFlag)
        -: 1310:{
        -: 1311:	
        -: 1312:  //if card is not trashed, added to Played pile 
        3: 1313:  if (trashFlag < 1)
        -: 1314:    {
        -: 1315:      //add card to played pile
        3: 1316:      state->playedCards[state->playedCardCount] = state->hand[currentPlayer][handPos]; 
        3: 1317:      state->playedCardCount++;
        -: 1318:    }
        -: 1319:	
        -: 1320:  //set played card to -1
        3: 1321:  state->hand[currentPlayer][handPos] = -1;
        -: 1322:	
        -: 1323:  //remove card from player's hand
        3: 1324:  if ( handPos == (state->handCount[currentPlayer] - 1) ) 	//last card in hand array is played
        -: 1325:    {
        -: 1326:      //reduce number of cards in hand
    #####: 1327:      state->handCount[currentPlayer]--;
        -: 1328:    }
        3: 1329:  else if ( state->handCount[currentPlayer] == 1 ) //only one card in hand
        -: 1330:    {
        -: 1331:      //reduce number of cards in hand
    #####: 1332:      state->handCount[currentPlayer]--;
        -: 1333:    }
        -: 1334:  else 	
        -: 1335:    {
        -: 1336:      //replace discarded card with last card in hand
        3: 1337:      state->hand[currentPlayer][handPos] = state->hand[currentPlayer][ (state->handCount[currentPlayer] - 1)];
        -: 1338:      //set last card to -1
        3: 1339:      state->hand[currentPlayer][state->handCount[currentPlayer] - 1] = -1;
        -: 1340:      //reduce number of cards in hand
        3: 1341:      state->handCount[currentPlayer]--;
        -: 1342:    }
        -: 1343:	
        3: 1344:  return 0;
        -: 1345:}
        -: 1346:
    #####: 1347:int gainCard(int supplyPos, struct gameState *state, int toFlag, int player)
        -: 1348:{
        -: 1349:  //Note: supplyPos is enum of choosen card
        -: 1350:	
        -: 1351:  //check if supply pile is empty (0) or card is not used in game (-1)
    #####: 1352:  if ( supplyCount(supplyPos, state) < 1 )
        -: 1353:    {
    #####: 1354:      return -1;
        -: 1355:    }
        -: 1356:	
        -: 1357:  //added card for [whoseTurn] current player:
        -: 1358:  // toFlag = 0 : add to discard
        -: 1359:  // toFlag = 1 : add to deck
        -: 1360:  // toFlag = 2 : add to hand
        -: 1361:
    #####: 1362:  if (toFlag == 1)
        -: 1363:    {
    #####: 1364:      state->deck[ player ][ state->deckCount[player] ] = supplyPos;
    #####: 1365:      state->deckCount[player]++;
        -: 1366:    }
    #####: 1367:  else if (toFlag == 2)
        -: 1368:    {
    #####: 1369:      state->hand[ player ][ state->handCount[player] ] = supplyPos;
    #####: 1370:      state->handCount[player]++;
        -: 1371:    }
        -: 1372:  else
        -: 1373:    {
    #####: 1374:      state->discard[player][ state->discardCount[player] ] = supplyPos;
    #####: 1375:      state->discardCount[player]++;
        -: 1376:    }
        -: 1377:	
        -: 1378:  //decrease number in supply pile
    #####: 1379:  state->supplyCount[supplyPos]--;
        -: 1380:	 
    #####: 1381:  return 0;
        -: 1382:}
        -: 1383:
       17: 1384:int updateCoins(int player, struct gameState *state, int bonus)
        -: 1385:{
        -: 1386:  int i;
        -: 1387:	
        -: 1388:  //reset coin count
       17: 1389:  state->coins = 0;
        -: 1390:
        -: 1391:  //add coins for each Treasure card in player's hand
      107: 1392:  for (i = 0; i < state->handCount[player]; i++)
        -: 1393:    {
       90: 1394:      if (state->hand[player][i] == copper)
        -: 1395:	{
       53: 1396:	  state->coins += 1;
        -: 1397:	}
       37: 1398:      else if (state->hand[player][i] == silver)
        -: 1399:	{
    #####: 1400:	  state->coins += 2;
        -: 1401:	}
       37: 1402:      else if (state->hand[player][i] == gold)
        -: 1403:	{
        1: 1404:	  state->coins += 3;
        -: 1405:	}	
        -: 1406:    }	
        -: 1407:
        -: 1408:  //add bonus
       17: 1409:  state->coins += bonus;
        -: 1410:
       17: 1411:  return 0;
        -: 1412:}
        -: 1413:
        -: 1414:
        -: 1415://end of dominion.c
        -: 1416:
